[6.753s] DEBUG:colcon:Command line arguments: ['/usr/bin/colcon', 'build']
[6.753s] DEBUG:colcon:Parsed command line arguments: Namespace(allow_overriding=[], ament_cmake_args=None, base_paths=['.'], build_base='build', catkin_cmake_args=None, catkin_skip_building_tests=False, cmake_args=None, cmake_clean_cache=False, cmake_clean_first=False, cmake_force_configure=False, cmake_target=None, cmake_target_skip_unavailable=False, continue_on_error=False, event_handlers=None, executor='parallel', ignore_user_meta=False, install_base='install', log_base=None, log_level=None, main=<bound method BuildVerb.main of <colcon_core.verb.build.BuildVerb object at 0x7fed55696460>>, merge_install=False, metas=['./colcon.meta'], packages_above=None, packages_above_and_dependencies=None, packages_above_depth=None, packages_end=None, packages_ignore=None, packages_ignore_regex=None, packages_select=None, packages_select_build_failed=False, packages_select_by_dep=None, packages_select_regex=None, packages_select_test_failures=False, packages_skip=None, packages_skip_build_finished=False, packages_skip_by_dep=None, packages_skip_regex=None, packages_skip_test_passed=False, packages_skip_up_to=None, packages_start=None, packages_up_to=None, packages_up_to_regex=None, parallel_workers=14, paths=None, symlink_install=False, test_result_base=None, verb_extension=<colcon_core.verb.build.BuildVerb object at 0x7fed55696460>, verb_name='build', verb_parser=<colcon_defaults.argument_parser.defaults.DefaultArgumentsDecorator object at 0x7fed556969d0>)
[7.029s] Level 1:colcon.colcon_core.package_discovery:discover_packages(colcon_meta) check parameters
[7.029s] Level 1:colcon.colcon_core.package_discovery:discover_packages(recursive) check parameters
[7.030s] Level 1:colcon.colcon_core.package_discovery:discover_packages(ignore) check parameters
[7.030s] Level 1:colcon.colcon_core.package_discovery:discover_packages(path) check parameters
[7.030s] Level 1:colcon.colcon_core.package_discovery:discover_packages(colcon_meta) discover
[7.030s] Level 1:colcon.colcon_core.package_discovery:discover_packages(recursive) discover
[7.030s] INFO:colcon.colcon_core.package_discovery:Crawling recursively for packages in '/home/eve-dse/ros2_ws/src/dse_obs_avoid'
[7.030s] Level 1:colcon.colcon_core.package_identification:_identify(.) by extensions ['ignore', 'ignore_ament_install']
[7.030s] Level 1:colcon.colcon_core.package_identification:_identify(.) by extension 'ignore'
[7.030s] Level 1:colcon.colcon_core.package_identification:_identify(.) by extension 'ignore_ament_install'
[7.030s] Level 1:colcon.colcon_core.package_identification:_identify(.) by extensions ['colcon_pkg']
[7.030s] Level 1:colcon.colcon_core.package_identification:_identify(.) by extension 'colcon_pkg'
[7.030s] Level 1:colcon.colcon_core.package_identification:_identify(.) by extensions ['colcon_meta']
[7.030s] Level 1:colcon.colcon_core.package_identification:_identify(.) by extension 'colcon_meta'
[7.030s] Level 1:colcon.colcon_core.package_identification:_identify(.) by extensions ['ros']
[7.030s] Level 1:colcon.colcon_core.package_identification:_identify(.) by extension 'ros'
[7.053s] DEBUG:colcon.colcon_core.package_identification:Package '.' with type 'ros.ament_cmake' and name 'drone_control'
[7.058s] Level 1:colcon.colcon_core.package_discovery:discover_packages(recursive) using defaults
[7.058s] Level 1:colcon.colcon_core.package_discovery:discover_packages(ignore) discover
[7.058s] Level 1:colcon.colcon_core.package_discovery:discover_packages(ignore) using defaults
[7.058s] Level 1:colcon.colcon_core.package_discovery:discover_packages(path) discover
[7.058s] Level 1:colcon.colcon_core.package_discovery:discover_packages(path) using defaults
[7.708s] Level 1:colcon.colcon_core.package_discovery:discover_packages(prefix_path) check parameters
[7.708s] Level 1:colcon.colcon_core.package_discovery:discover_packages(prefix_path) discover
[8.005s] DEBUG:colcon.colcon_installed_package_information.package_discovery:Found 1 installed packages in /home/eve-dse/ros2_ws/src/dse_obs_avoid/install
[8.145s] DEBUG:colcon.colcon_installed_package_information.package_discovery:Found 3 installed packages in /home/eve-dse/ros2_ws/install
[8.280s] DEBUG:colcon.colcon_installed_package_information.package_discovery:Found 256 installed packages in /opt/ros/foxy
[8.284s] Level 1:colcon.colcon_core.package_discovery:discover_packages(prefix_path) using defaults
[8.569s] Level 5:colcon.colcon_core.verb:set package 'drone_control' build argument 'cmake_args' from command line to 'None'
[8.573s] Level 5:colcon.colcon_core.verb:set package 'drone_control' build argument 'cmake_target' from command line to 'None'
[8.573s] Level 5:colcon.colcon_core.verb:set package 'drone_control' build argument 'cmake_target_skip_unavailable' from command line to 'False'
[8.573s] Level 5:colcon.colcon_core.verb:set package 'drone_control' build argument 'cmake_clean_cache' from command line to 'False'
[8.573s] Level 5:colcon.colcon_core.verb:set package 'drone_control' build argument 'cmake_clean_first' from command line to 'False'
[8.573s] Level 5:colcon.colcon_core.verb:set package 'drone_control' build argument 'cmake_force_configure' from command line to 'False'
[8.573s] Level 5:colcon.colcon_core.verb:set package 'drone_control' build argument 'ament_cmake_args' from command line to 'None'
[8.573s] Level 5:colcon.colcon_core.verb:set package 'drone_control' build argument 'catkin_cmake_args' from command line to 'None'
[8.573s] Level 5:colcon.colcon_core.verb:set package 'drone_control' build argument 'catkin_skip_building_tests' from command line to 'False'
[8.573s] DEBUG:colcon.colcon_core.verb:Building package 'drone_control' with the following arguments: {'ament_cmake_args': None, 'build_base': '/home/eve-dse/ros2_ws/src/dse_obs_avoid/build/drone_control', 'catkin_cmake_args': None, 'catkin_skip_building_tests': False, 'cmake_args': None, 'cmake_clean_cache': False, 'cmake_clean_first': False, 'cmake_force_configure': False, 'cmake_target': None, 'cmake_target_skip_unavailable': False, 'install_base': '/home/eve-dse/ros2_ws/src/dse_obs_avoid/install/drone_control', 'merge_install': False, 'path': '/home/eve-dse/ros2_ws/src/dse_obs_avoid', 'symlink_install': False, 'test_result_base': None}
[8.675s] INFO:colcon.colcon_core.executor:Executing jobs using 'parallel' executor
[8.789s] DEBUG:colcon.colcon_parallel_executor.executor.parallel:run_until_complete
[8.789s] INFO:colcon.colcon_ros.task.ament_cmake.build:Building ROS package in '/home/eve-dse/ros2_ws/src/dse_obs_avoid' with build type 'ament_cmake'
[8.792s] INFO:colcon.colcon_cmake.task.cmake.build:Building CMake package in '/home/eve-dse/ros2_ws/src/dse_obs_avoid'
[9.011s] INFO:colcon.colcon_core.plugin_system:Skipping extension 'colcon_core.shell.bat': Not used on non-Windows systems
[9.016s] INFO:colcon.colcon_core.shell:Skip shell extension 'powershell' for command environment: Not usable outside of PowerShell
[9.016s] DEBUG:colcon.colcon_core.shell:Skip shell extension 'dsv' for command environment
[9.729s] DEBUG:colcon.colcon_core.event_handler.log_command:Invoking command in '/home/eve-dse/ros2_ws/src/dse_obs_avoid/build/drone_control': CMAKE_PREFIX_PATH=${CMAKE_PREFIX_PATH}:/opt/ros/foxy /usr/bin/cmake --build /home/eve-dse/ros2_ws/src/dse_obs_avoid/build/drone_control -- -j14 -l14
[18.433s] DEBUG:colcon.colcon_core.event_handler.log_command:Invoked command in '/home/eve-dse/ros2_ws/src/dse_obs_avoid/build/drone_control' returned '0': CMAKE_PREFIX_PATH=${CMAKE_PREFIX_PATH}:/opt/ros/foxy /usr/bin/cmake --build /home/eve-dse/ros2_ws/src/dse_obs_avoid/build/drone_control -- -j14 -l14
[18.986s] DEBUG:colcon.colcon_core.event_handler.log_command:Invoking command in '/home/eve-dse/ros2_ws/src/dse_obs_avoid/build/drone_control': CMAKE_PREFIX_PATH=${CMAKE_PREFIX_PATH}:/opt/ros/foxy /usr/bin/cmake --install /home/eve-dse/ros2_ws/src/dse_obs_avoid/build/drone_control
[19.094s] Level 1:colcon.colcon_core.environment:create_environment_scripts_only(drone_control)
[19.153s] DEBUG:colcon.colcon_core.event_handler.log_command:Invoked command in '/home/eve-dse/ros2_ws/src/dse_obs_avoid/build/drone_control' returned '0': CMAKE_PREFIX_PATH=${CMAKE_PREFIX_PATH}:/opt/ros/foxy /usr/bin/cmake --install /home/eve-dse/ros2_ws/src/dse_obs_avoid/build/drone_control
[19.309s] Level 1:colcon.colcon_core.environment:checking '/home/eve-dse/ros2_ws/src/dse_obs_avoid/install/drone_control' for CMake module files
[19.315s] Level 1:colcon.colcon_core.environment:checking '/home/eve-dse/ros2_ws/src/dse_obs_avoid/install/drone_control' for CMake config files
[19.315s] Level 1:colcon.colcon_core.shell:create_environment_hook('drone_control', 'cmake_prefix_path')
[19.468s] INFO:colcon.colcon_core.shell:Creating environment hook '/home/eve-dse/ros2_ws/src/dse_obs_avoid/install/drone_control/share/drone_control/hook/cmake_prefix_path.ps1'
[19.472s] INFO:colcon.colcon_core.shell:Creating environment descriptor '/home/eve-dse/ros2_ws/src/dse_obs_avoid/install/drone_control/share/drone_control/hook/cmake_prefix_path.dsv'
[19.481s] INFO:colcon.colcon_core.shell:Creating environment hook '/home/eve-dse/ros2_ws/src/dse_obs_avoid/install/drone_control/share/drone_control/hook/cmake_prefix_path.sh'
[19.490s] Level 1:colcon.colcon_core.environment:checking '/home/eve-dse/ros2_ws/src/dse_obs_avoid/install/drone_control/lib'
[19.491s] Level 1:colcon.colcon_core.environment:checking '/home/eve-dse/ros2_ws/src/dse_obs_avoid/install/drone_control/bin'
[19.491s] Level 1:colcon.colcon_core.environment:checking '/home/eve-dse/ros2_ws/src/dse_obs_avoid/install/drone_control/lib/pkgconfig/drone_control.pc'
[19.491s] Level 1:colcon.colcon_core.environment:checking '/home/eve-dse/ros2_ws/src/dse_obs_avoid/install/drone_control/lib/python3.8/site-packages'
[19.491s] Level 1:colcon.colcon_core.environment:checking '/home/eve-dse/ros2_ws/src/dse_obs_avoid/install/drone_control/bin'
[19.672s] INFO:colcon.colcon_core.shell:Creating package script '/home/eve-dse/ros2_ws/src/dse_obs_avoid/install/drone_control/share/drone_control/package.ps1'
[19.688s] INFO:colcon.colcon_core.shell:Creating package descriptor '/home/eve-dse/ros2_ws/src/dse_obs_avoid/install/drone_control/share/drone_control/package.dsv'
[19.692s] INFO:colcon.colcon_core.shell:Creating package script '/home/eve-dse/ros2_ws/src/dse_obs_avoid/install/drone_control/share/drone_control/package.sh'
[19.696s] INFO:colcon.colcon_core.shell:Creating package script '/home/eve-dse/ros2_ws/src/dse_obs_avoid/install/drone_control/share/drone_control/package.bash'
[19.706s] INFO:colcon.colcon_core.shell:Creating package script '/home/eve-dse/ros2_ws/src/dse_obs_avoid/install/drone_control/share/drone_control/package.zsh'
[19.728s] Level 1:colcon.colcon_core.environment:create_file_with_runtime_dependencies(/home/eve-dse/ros2_ws/src/dse_obs_avoid/install/drone_control/share/colcon-core/packages/drone_control)
[20.679s] Level 1:colcon.colcon_core.environment:create_environment_scripts_only(drone_control)
[20.905s] Level 1:colcon.colcon_core.environment:checking '/home/eve-dse/ros2_ws/src/dse_obs_avoid/install/drone_control' for CMake module files
[20.913s] Level 1:colcon.colcon_core.environment:checking '/home/eve-dse/ros2_ws/src/dse_obs_avoid/install/drone_control' for CMake config files
[20.918s] Level 1:colcon.colcon_core.shell:create_environment_hook('drone_control', 'cmake_prefix_path')
[21.203s] INFO:colcon.colcon_core.shell:Creating environment hook '/home/eve-dse/ros2_ws/src/dse_obs_avoid/install/drone_control/share/drone_control/hook/cmake_prefix_path.ps1'
[21.212s] INFO:colcon.colcon_core.shell:Creating environment descriptor '/home/eve-dse/ros2_ws/src/dse_obs_avoid/install/drone_control/share/drone_control/hook/cmake_prefix_path.dsv'
[21.224s] INFO:colcon.colcon_core.shell:Creating environment hook '/home/eve-dse/ros2_ws/src/dse_obs_avoid/install/drone_control/share/drone_control/hook/cmake_prefix_path.sh'
[21.243s] Level 1:colcon.colcon_core.environment:checking '/home/eve-dse/ros2_ws/src/dse_obs_avoid/install/drone_control/lib'
[21.248s] Level 1:colcon.colcon_core.environment:checking '/home/eve-dse/ros2_ws/src/dse_obs_avoid/install/drone_control/bin'
[21.248s] Level 1:colcon.colcon_core.environment:checking '/home/eve-dse/ros2_ws/src/dse_obs_avoid/install/drone_control/lib/pkgconfig/drone_control.pc'
[21.248s] Level 1:colcon.colcon_core.environment:checking '/home/eve-dse/ros2_ws/src/dse_obs_avoid/install/drone_control/lib/python3.8/site-packages'
[21.248s] Level 1:colcon.colcon_core.environment:checking '/home/eve-dse/ros2_ws/src/dse_obs_avoid/install/drone_control/bin'
[21.481s] INFO:colcon.colcon_core.shell:Creating package script '/home/eve-dse/ros2_ws/src/dse_obs_avoid/install/drone_control/share/drone_control/package.ps1'
[21.487s] INFO:colcon.colcon_core.shell:Creating package descriptor '/home/eve-dse/ros2_ws/src/dse_obs_avoid/install/drone_control/share/drone_control/package.dsv'
[21.489s] INFO:colcon.colcon_core.shell:Creating package script '/home/eve-dse/ros2_ws/src/dse_obs_avoid/install/drone_control/share/drone_control/package.sh'
[21.503s] INFO:colcon.colcon_core.shell:Creating package script '/home/eve-dse/ros2_ws/src/dse_obs_avoid/install/drone_control/share/drone_control/package.bash'
[21.513s] INFO:colcon.colcon_core.shell:Creating package script '/home/eve-dse/ros2_ws/src/dse_obs_avoid/install/drone_control/share/drone_control/package.zsh'
[21.519s] Level 1:colcon.colcon_core.environment:create_file_with_runtime_dependencies(/home/eve-dse/ros2_ws/src/dse_obs_avoid/install/drone_control/share/colcon-core/packages/drone_control)
[21.550s] DEBUG:colcon.colcon_parallel_executor.executor.parallel:closing loop
[21.562s] DEBUG:colcon.colcon_parallel_executor.executor.parallel:loop closed
[21.562s] DEBUG:colcon.colcon_parallel_executor.executor.parallel:run_until_complete finished with '0'
[21.562s] DEBUG:colcon.colcon_core.event_reactor:joining thread
[21.824s] INFO:colcon.colcon_core.plugin_system:Skipping extension 'colcon_notification.desktop_notification.terminal_notifier': Not used on non-Darwin systems
[21.829s] INFO:colcon.colcon_core.plugin_system:Skipping extension 'colcon_notification.desktop_notification.win32': Not used on non-Windows systems
[21.829s] INFO:colcon.colcon_notification.desktop_notification:Sending desktop notification using 'notify2'
[22.181s] DEBUG:colcon.colcon_core.event_reactor:joined thread
[22.313s] INFO:colcon.colcon_core.shell:Creating prefix script '/home/eve-dse/ros2_ws/src/dse_obs_avoid/install/local_setup.ps1'
[22.316s] INFO:colcon.colcon_core.shell:Creating prefix util module '/home/eve-dse/ros2_ws/src/dse_obs_avoid/install/_local_setup_util_ps1.py'
[22.318s] INFO:colcon.colcon_core.shell:Creating prefix chain script '/home/eve-dse/ros2_ws/src/dse_obs_avoid/install/setup.ps1'
[22.476s] INFO:colcon.colcon_core.shell:Creating prefix script '/home/eve-dse/ros2_ws/src/dse_obs_avoid/install/local_setup.sh'
[22.493s] INFO:colcon.colcon_core.shell:Creating prefix util module '/home/eve-dse/ros2_ws/src/dse_obs_avoid/install/_local_setup_util_sh.py'
[22.499s] INFO:colcon.colcon_core.shell:Creating prefix chain script '/home/eve-dse/ros2_ws/src/dse_obs_avoid/install/setup.sh'
[22.621s] INFO:colcon.colcon_core.shell:Creating prefix script '/home/eve-dse/ros2_ws/src/dse_obs_avoid/install/local_setup.bash'
[22.625s] INFO:colcon.colcon_core.shell:Creating prefix chain script '/home/eve-dse/ros2_ws/src/dse_obs_avoid/install/setup.bash'
[22.769s] INFO:colcon.colcon_core.shell:Creating prefix script '/home/eve-dse/ros2_ws/src/dse_obs_avoid/install/local_setup.zsh'
[22.770s] INFO:colcon.colcon_core.shell:Creating prefix chain script '/home/eve-dse/ros2_ws/src/dse_obs_avoid/install/setup.zsh'
