[35m[1mScanning dependencies of target drone_commander[0m
[ 50%] [32mBuilding CXX object CMakeFiles/drone_commander.dir/src/send_command_template.cpp.o[0m
[100%] [32m[1mLinking CXX executable drone_commander[0m
[100%] Built target drone_commander
-- Install configuration: ""
-- Installing: /home/eve-dse/ros2_ws/src/dse_obs_avoid/install/drone_control/lib/drone_control/drone_commander
-- Set runtime path of "/home/eve-dse/ros2_ws/src/dse_obs_avoid/install/drone_control/lib/drone_control/drone_commander" to ""
-- Installing: /home/eve-dse/ros2_ws/src/dse_obs_avoid/install/drone_control/share/ament_index/resource_index/package_run_dependencies/drone_control
-- Installing: /home/eve-dse/ros2_ws/src/dse_obs_avoid/install/drone_control/share/ament_index/resource_index/parent_prefix_path/drone_control
-- Installing: /home/eve-dse/ros2_ws/src/dse_obs_avoid/install/drone_control/share/drone_control/environment/ament_prefix_path.sh
-- Installing: /home/eve-dse/ros2_ws/src/dse_obs_avoid/install/drone_control/share/drone_control/environment/ament_prefix_path.dsv
-- Installing: /home/eve-dse/ros2_ws/src/dse_obs_avoid/install/drone_control/share/drone_control/environment/path.sh
-- Installing: /home/eve-dse/ros2_ws/src/dse_obs_avoid/install/drone_control/share/drone_control/environment/path.dsv
-- Installing: /home/eve-dse/ros2_ws/src/dse_obs_avoid/install/drone_control/share/drone_control/local_setup.bash
-- Installing: /home/eve-dse/ros2_ws/src/dse_obs_avoid/install/drone_control/share/drone_control/local_setup.sh
-- Installing: /home/eve-dse/ros2_ws/src/dse_obs_avoid/install/drone_control/share/drone_control/local_setup.zsh
-- Installing: /home/eve-dse/ros2_ws/src/dse_obs_avoid/install/drone_control/share/drone_control/local_setup.dsv
-- Installing: /home/eve-dse/ros2_ws/src/dse_obs_avoid/install/drone_control/share/drone_control/package.dsv
-- Installing: /home/eve-dse/ros2_ws/src/dse_obs_avoid/install/drone_control/share/ament_index/resource_index/packages/drone_control
-- Installing: /home/eve-dse/ros2_ws/src/dse_obs_avoid/install/drone_control/share/drone_control/cmake/drone_controlConfig.cmake
-- Installing: /home/eve-dse/ros2_ws/src/dse_obs_avoid/install/drone_control/share/drone_control/cmake/drone_controlConfig-version.cmake
-- Installing: /home/eve-dse/ros2_ws/src/dse_obs_avoid/install/drone_control/share/drone_control/package.xml
